<?xml version="1.0" encoding="UTF-8"?>
<testsuite name="com.app.server.service.TitleTestCase" tests="4" skipped="0" failures="0" errors="0" timestamp="2016-01-14T12:45:08" hostname="a9b83363682b" time="0.268">
  <properties/>
  <testcase name="test1Save" classname="com.app.server.service.TitleTestCase" time="0.06"/>
  <testcase name="test2Update" classname="com.app.server.service.TitleTestCase" time="0.125"/>
  <testcase name="test3FindById" classname="com.app.server.service.TitleTestCase" time="0.007"/>
  <testcase name="test4Delete" classname="com.app.server.service.TitleTestCase" time="0.074"/>
  <system-out><![CDATA[Setting logged in user info for ADD
[EL Fine]: sql: 2016-01-14 12:45:08.365--ClientSession(1898750804)--Connection(345947611)--Thread(Thread[Test worker,5,main])--INSERT INTO ast_Title_M (titleId, titles, versionId, createdBy, createdDate, updatedBy, updatedDate, activeStatus, txnAccessCode) VALUES (?, ?, ?, ?, ?, ?, ?, ?, ?)
	bind => [10F980E2-0B41-4E84-BF98-3BC55C029873, M2oRDzE4KTe4JC0UXFlEIridxPR5D6LaAtVugHcI7sz7Y6Tfm8, 1, AAAAA, 2016-01-14 12:45:08.36, null, 2016-01-14 12:45:08.36, 1, null]
[EL Fine]: sql: 2016-01-14 12:45:08.415--ClientSession(294290935)--Connection(345947611)--Thread(Thread[Test worker,5,main])--SELECT titleId, titles, versionId, createdBy, createdDate, updatedBy, updatedDate, activeStatus, txnAccessCode FROM ast_Title_M WHERE ((activeStatus = ?) AND (titleId = ?))
	bind => [1, 10F980E2-0B41-4E84-BF98-3BC55C029873]
Setting logged in user info for UPDATE
[EL Fine]: sql: 2016-01-14 12:45:08.418--ClientSession(2059293352)--Connection(345947611)--Thread(Thread[Test worker,5,main])--SELECT titleId, titles, versionId, createdBy, createdDate, updatedBy, updatedDate, activeStatus, txnAccessCode FROM ast_Title_M WHERE (titleId = ?)
	bind => [10F980E2-0B41-4E84-BF98-3BC55C029873]
[EL Fine]: sql: 2016-01-14 12:45:08.419--ClientSession(2059293352)--Connection(345947611)--Thread(Thread[Test worker,5,main])--UPDATE ast_Title_M SET titles = ?, updatedBy = ?, versionId = ? WHERE ((titleId = ?) AND (versionId = ?))
	bind => [akfglnmBrihwCMRvwpfZAzE0wNGpRgv7vafaAAfX5brOcN39dV, AAAAA, 2, 10F980E2-0B41-4E84-BF98-3BC55C029873, 1]
[EL Fine]: sql: 2016-01-14 12:45:08.542--ClientSession(1400822580)--Connection(345947611)--Thread(Thread[Test worker,5,main])--SELECT titleId, titles, versionId, createdBy, createdDate, updatedBy, updatedDate, activeStatus, txnAccessCode FROM ast_Title_M WHERE ((activeStatus = ?) AND (titleId = ?))
	bind => [1, 10F980E2-0B41-4E84-BF98-3BC55C029873]
[EL Fine]: sql: 2016-01-14 12:45:08.55--ClientSession(975518563)--Connection(345947611)--Thread(Thread[Test worker,5,main])--SELECT titleId, titles, versionId, createdBy, createdDate, updatedBy, updatedDate, activeStatus, txnAccessCode FROM ast_Title_M WHERE (titleId = ?)
	bind => [10F980E2-0B41-4E84-BF98-3BC55C029873]
[EL Fine]: sql: 2016-01-14 12:45:08.552--ClientSession(975518563)--Connection(345947611)--Thread(Thread[Test worker,5,main])--DELETE FROM ast_Title_M WHERE ((titleId = ?) AND (versionId = ?))
	bind => [10F980E2-0B41-4E84-BF98-3BC55C029873, 2]
]]></system-out>
  <system-err><![CDATA[]]></system-err>
</testsuite>
