<?xml version="1.0" encoding="UTF-8"?>
<testsuite name="com.app.server.service.QuestionTestCase" tests="4" skipped="0" failures="0" errors="0" timestamp="2016-01-14T12:45:08" hostname="a9b83363682b" time="0.227">
  <properties/>
  <testcase name="test1Save" classname="com.app.server.service.QuestionTestCase" time="0.107"/>
  <testcase name="test2Update" classname="com.app.server.service.QuestionTestCase" time="0.049"/>
  <testcase name="test3FindById" classname="com.app.server.service.QuestionTestCase" time="0.005"/>
  <testcase name="test4Delete" classname="com.app.server.service.QuestionTestCase" time="0.065"/>
  <system-out><![CDATA[Setting logged in user info for ADD
[EL Fine]: sql: 2016-01-14 12:45:08.138--ClientSession(216999071)--Connection(345947611)--Thread(Thread[Test worker,5,main])--INSERT INTO ast_Question_M (questionId, levelid, question, questionDetails, questionIcon, versionId, createdBy, createdDate, updatedBy, updatedDate, activeStatus, txnAccessCode) VALUES (?, ?, ?, ?, ?, ?, ?, ?, ?, ?, ?, ?)
	bind => [A2E26876-267B-45A8-9C04-7867995E7130, 1, 6E3tExFgjRfyVQUE62oaXYnaWzcWxdpmlg1b3MIyn6tle65HKh, xX2, m9h81UGZSpy1lSVzHBnIRgBb2JIt6CjISslvOJn10OMBNrFbMY, 1, AAAAA, 2016-01-14 12:45:08.132, null, 2016-01-14 12:45:08.132, 1, null]
[EL Fine]: sql: 2016-01-14 12:45:08.234--ClientSession(44394160)--Connection(345947611)--Thread(Thread[Test worker,5,main])--SELECT questionId, levelid, question, questionDetails, questionIcon, versionId, createdBy, createdDate, updatedBy, updatedDate, activeStatus, txnAccessCode FROM ast_Question_M WHERE ((activeStatus = ?) AND (questionId = ?))
	bind => [1, A2E26876-267B-45A8-9C04-7867995E7130]
Setting logged in user info for UPDATE
[EL Fine]: sql: 2016-01-14 12:45:08.237--ClientSession(1263616356)--Connection(345947611)--Thread(Thread[Test worker,5,main])--SELECT questionId, levelid, question, questionDetails, questionIcon, versionId, createdBy, createdDate, updatedBy, updatedDate, activeStatus, txnAccessCode FROM ast_Question_M WHERE (questionId = ?)
	bind => [A2E26876-267B-45A8-9C04-7867995E7130]
[EL Fine]: sql: 2016-01-14 12:45:08.239--ClientSession(1263616356)--Connection(345947611)--Thread(Thread[Test worker,5,main])--UPDATE ast_Question_M SET levelid = ?, question = ?, questionDetails = ?, questionIcon = ?, updatedBy = ?, versionId = ? WHERE ((questionId = ?) AND (versionId = ?))
	bind => [9, DoFshSiAa7Teb335SDOMfGf7lYBiWGVOOlqoAaDvtqpUJCSXWg, rpu, GSRnffefgw31xKiQqeyEALISahXG7e4Em0FwiAyF49qC34Fo4x, AAAAA, 2, A2E26876-267B-45A8-9C04-7867995E7130, 1]
[EL Fine]: sql: 2016-01-14 12:45:08.282--ClientSession(84459079)--Connection(345947611)--Thread(Thread[Test worker,5,main])--SELECT questionId, levelid, question, questionDetails, questionIcon, versionId, createdBy, createdDate, updatedBy, updatedDate, activeStatus, txnAccessCode FROM ast_Question_M WHERE ((activeStatus = ?) AND (questionId = ?))
	bind => [1, A2E26876-267B-45A8-9C04-7867995E7130]
[EL Fine]: sql: 2016-01-14 12:45:08.287--ClientSession(1319060902)--Connection(345947611)--Thread(Thread[Test worker,5,main])--SELECT questionId, levelid, question, questionDetails, questionIcon, versionId, createdBy, createdDate, updatedBy, updatedDate, activeStatus, txnAccessCode FROM ast_Question_M WHERE (questionId = ?)
	bind => [A2E26876-267B-45A8-9C04-7867995E7130]
[EL Fine]: sql: 2016-01-14 12:45:08.289--ClientSession(1319060902)--Connection(345947611)--Thread(Thread[Test worker,5,main])--DELETE FROM ast_Question_M WHERE ((questionId = ?) AND (versionId = ?))
	bind => [A2E26876-267B-45A8-9C04-7867995E7130, 2]
]]></system-out>
  <system-err><![CDATA[]]></system-err>
</testsuite>
