<?xml version="1.0" encoding="UTF-8"?>
<testsuite name="com.app.server.service.PasswordAlgoTestCase" tests="4" skipped="0" failures="0" errors="0" timestamp="2016-01-14T12:44:59" hostname="a9b83363682b" time="0.317">
  <properties/>
  <testcase name="test1Save" classname="com.app.server.service.PasswordAlgoTestCase" time="0.156"/>
  <testcase name="test2Update" classname="com.app.server.service.PasswordAlgoTestCase" time="0.051"/>
  <testcase name="test3FindById" classname="com.app.server.service.PasswordAlgoTestCase" time="0.007"/>
  <testcase name="test4Delete" classname="com.app.server.service.PasswordAlgoTestCase" time="0.102"/>
  <system-out><![CDATA[Setting logged in user info for ADD
[EL Fine]: sql: 2016-01-14 12:44:59.675--ClientSession(1839045593)--Connection(345947611)--Thread(Thread[Test worker,5,main])--INSERT INTO ast_PasswordAlgo_M (algoId, algoDescription, algoHelp, algoIcon, algoName, algorithm, versionId, createdBy, createdDate, updatedBy, updatedDate, activeStatus, txnAccessCode) VALUES (?, ?, ?, ?, ?, ?, ?, ?, ?, ?, ?, ?, ?)
	bind => [F67BD3E1-F54C-4B24-A937-824CE1A5CFB5, cEsoDKlTnS6STIQNj5hue46QfC6tUfLpSlAIOJZ3b8WRVfUQN3, zjjaC0FBrGUnDkZvFpgqmkqekVLnZ2F2ivd5AjXWk8DBb3KdKY, PVeBT9F63fYvibJu487I3NAezoAtZ5OdEANPJCIjc1TdJncGjG, DUtN4yyTjnqRyJZx30Wlw1255buQudovp4TPgyyLE2AhQ4wfNN, 0, 1, AAAAA, 2016-01-14 12:44:59.628, null, 2016-01-14 12:44:59.628, 1, null]
[EL Fine]: sql: 2016-01-14 12:44:59.773--ClientSession(1735202406)--Connection(345947611)--Thread(Thread[Test worker,5,main])--SELECT algoId, algoDescription, algoHelp, algoIcon, algoName, algorithm, versionId, createdBy, createdDate, updatedBy, updatedDate, activeStatus, txnAccessCode FROM ast_PasswordAlgo_M WHERE ((activeStatus = ?) AND (algoId = ?))
	bind => [1, F67BD3E1-F54C-4B24-A937-824CE1A5CFB5]
Setting logged in user info for UPDATE
[EL Fine]: sql: 2016-01-14 12:44:59.777--ClientSession(2005404515)--Connection(345947611)--Thread(Thread[Test worker,5,main])--SELECT algoId, algoDescription, algoHelp, algoIcon, algoName, algorithm, versionId, createdBy, createdDate, updatedBy, updatedDate, activeStatus, txnAccessCode FROM ast_PasswordAlgo_M WHERE (algoId = ?)
	bind => [F67BD3E1-F54C-4B24-A937-824CE1A5CFB5]
[EL Fine]: sql: 2016-01-14 12:44:59.779--ClientSession(2005404515)--Connection(345947611)--Thread(Thread[Test worker,5,main])--UPDATE ast_PasswordAlgo_M SET algoDescription = ?, algoHelp = ?, algoIcon = ?, algoName = ?, algorithm = ?, updatedBy = ?, versionId = ? WHERE ((algoId = ?) AND (versionId = ?))
	bind => [jD3y1GKR2x2WLv5Hy7ueLYiFI25Xc087wJmqbOZYZDJDEEDat4, 7QtixqbK9NBPalx1Ba8BqpXCikTE15TrhsnfbkMB5tSO8UWKPd, I0w5QtWKmAKBpSwZQ4vnk2nX6rPA5B29oZ7HSPKHdJGXFmoHB8, ZbKvWUnjVQO2d1gWPXpwjmMBqwKgxE742IjMQc7BL8Xiw2Kiiw, 4, AAAAA, 2, F67BD3E1-F54C-4B24-A937-824CE1A5CFB5, 1]
[EL Fine]: sql: 2016-01-14 12:44:59.824--ClientSession(314681629)--Connection(345947611)--Thread(Thread[Test worker,5,main])--SELECT algoId, algoDescription, algoHelp, algoIcon, algoName, algorithm, versionId, createdBy, createdDate, updatedBy, updatedDate, activeStatus, txnAccessCode FROM ast_PasswordAlgo_M WHERE ((activeStatus = ?) AND (algoId = ?))
	bind => [1, F67BD3E1-F54C-4B24-A937-824CE1A5CFB5]
[EL Fine]: sql: 2016-01-14 12:44:59.83--ClientSession(126163842)--Connection(345947611)--Thread(Thread[Test worker,5,main])--SELECT algoId, algoDescription, algoHelp, algoIcon, algoName, algorithm, versionId, createdBy, createdDate, updatedBy, updatedDate, activeStatus, txnAccessCode FROM ast_PasswordAlgo_M WHERE (algoId = ?)
	bind => [F67BD3E1-F54C-4B24-A937-824CE1A5CFB5]
[EL Fine]: sql: 2016-01-14 12:44:59.832--ClientSession(126163842)--Connection(345947611)--Thread(Thread[Test worker,5,main])--DELETE FROM ast_PasswordAlgo_M WHERE ((algoId = ?) AND (versionId = ?))
	bind => [F67BD3E1-F54C-4B24-A937-824CE1A5CFB5, 2]
]]></system-out>
  <system-err><![CDATA[]]></system-err>
</testsuite>
