<?xml version="1.0" encoding="UTF-8"?>
<testsuite name="com.app.server.service.AppCustomerTypeTestCase" tests="4" skipped="0" failures="0" errors="0" timestamp="2016-01-14T12:45:08" hostname="a9b83363682b" time="0.187">
  <properties/>
  <testcase name="test1Save" classname="com.app.server.service.AppCustomerTypeTestCase" time="0.095"/>
  <testcase name="test2Update" classname="com.app.server.service.AppCustomerTypeTestCase" time="0.033"/>
  <testcase name="test3FindById" classname="com.app.server.service.AppCustomerTypeTestCase" time="0.005"/>
  <testcase name="test4Delete" classname="com.app.server.service.AppCustomerTypeTestCase" time="0.053"/>
  <system-out><![CDATA[Setting logged in user info for ADD
[EL Fine]: sql: 2016-01-14 12:45:08.642--ClientSession(181379519)--Connection(345947611)--Thread(Thread[Test worker,5,main])--INSERT INTO ast_AppCustomerType_M (appcustTypeId, customerType, defaults, sequenceId, versionId, createdBy, createdDate, updatedBy, updatedDate, activeStatus, txnAccessCode) VALUES (?, ?, ?, ?, ?, ?, ?, ?, ?, ?, ?)
	bind => [0F6F997D-2385-478E-9A66-65D7FD5DDA26, FmU23LGfE7kJ0p11YQ4j1tk8tL4jTZRnlT7hxLl7qAr73f96Fh, 0, 2147483647, 1, AAAAA, 2016-01-14 12:45:08.635, null, 2016-01-14 12:45:08.635, 1, null]
[EL Fine]: sql: 2016-01-14 12:45:08.721--ClientSession(667856298)--Connection(345947611)--Thread(Thread[Test worker,5,main])--SELECT appcustTypeId, customerType, defaults, sequenceId, versionId, createdBy, createdDate, updatedBy, updatedDate, activeStatus, txnAccessCode FROM ast_AppCustomerType_M WHERE ((activeStatus = ?) AND (appcustTypeId = ?))
	bind => [1, 0F6F997D-2385-478E-9A66-65D7FD5DDA26]
Setting logged in user info for UPDATE
[EL Fine]: sql: 2016-01-14 12:45:08.724--ClientSession(1605644901)--Connection(345947611)--Thread(Thread[Test worker,5,main])--SELECT appcustTypeId, customerType, defaults, sequenceId, versionId, createdBy, createdDate, updatedBy, updatedDate, activeStatus, txnAccessCode FROM ast_AppCustomerType_M WHERE (appcustTypeId = ?)
	bind => [0F6F997D-2385-478E-9A66-65D7FD5DDA26]
[EL Fine]: sql: 2016-01-14 12:45:08.725--ClientSession(1605644901)--Connection(345947611)--Thread(Thread[Test worker,5,main])--UPDATE ast_AppCustomerType_M SET customerType = ?, updatedBy = ?, versionId = ? WHERE ((appcustTypeId = ?) AND (versionId = ?))
	bind => [NDraggu2Kax6AFD7VzZ1xgJLtZpFe6fj9xqoeLVGDT9MEpf7Yf, AAAAA, 2, 0F6F997D-2385-478E-9A66-65D7FD5DDA26, 1]
[EL Fine]: sql: 2016-01-14 12:45:08.754--ClientSession(757878485)--Connection(345947611)--Thread(Thread[Test worker,5,main])--SELECT appcustTypeId, customerType, defaults, sequenceId, versionId, createdBy, createdDate, updatedBy, updatedDate, activeStatus, txnAccessCode FROM ast_AppCustomerType_M WHERE ((activeStatus = ?) AND (appcustTypeId = ?))
	bind => [1, 0F6F997D-2385-478E-9A66-65D7FD5DDA26]
[EL Fine]: sql: 2016-01-14 12:45:08.759--ClientSession(1610194044)--Connection(345947611)--Thread(Thread[Test worker,5,main])--SELECT appcustTypeId, customerType, defaults, sequenceId, versionId, createdBy, createdDate, updatedBy, updatedDate, activeStatus, txnAccessCode FROM ast_AppCustomerType_M WHERE (appcustTypeId = ?)
	bind => [0F6F997D-2385-478E-9A66-65D7FD5DDA26]
[EL Fine]: sql: 2016-01-14 12:45:08.761--ClientSession(1610194044)--Connection(345947611)--Thread(Thread[Test worker,5,main])--DELETE FROM ast_AppCustomerType_M WHERE ((appcustTypeId = ?) AND (versionId = ?))
	bind => [0F6F997D-2385-478E-9A66-65D7FD5DDA26, 2]
]]></system-out>
  <system-err><![CDATA[]]></system-err>
</testsuite>
