<?xml version="1.0" encoding="UTF-8"?>
<testsuite name="com.app.server.service.LanguageTestCase" tests="4" skipped="0" failures="0" errors="0" timestamp="2016-01-14T12:44:57" hostname="a9b83363682b" time="0.285">
  <properties/>
  <testcase name="test1Save" classname="com.app.server.service.LanguageTestCase" time="0.137"/>
  <testcase name="test2Update" classname="com.app.server.service.LanguageTestCase" time="0.083"/>
  <testcase name="test3FindById" classname="com.app.server.service.LanguageTestCase" time="0.011"/>
  <testcase name="test4Delete" classname="com.app.server.service.LanguageTestCase" time="0.054"/>
  <system-out><![CDATA[Setting logged in user info for ADD
[EL Fine]: sql: 2016-01-14 12:44:57.677--ClientSession(717057922)--Connection(345947611)--Thread(Thread[Test worker,5,main])--INSERT INTO ast_Language_M (languageId, alpha2, alpha3, alpha4, alpha4parentid, language, languageDescription, languageIcon, languageType, versionId, createdBy, createdDate, updatedBy, updatedDate, activeStatus, txnAccessCode) VALUES (?, ?, ?, ?, ?, ?, ?, ?, ?, ?, ?, ?, ?, ?, ?, ?)
	bind => [0CFB5294-E4AD-4C5E-9004-72417FD91AE0, XE, Y8v, nm2B, 11, 0OTMmFGNwbrTehvd5hMTzWxXMioyGchwspYs0aA1le3sjDc7Uc, vxiwIizPmZg05bfIyevZjKtlQCShQgj4LELTCvpeXaFuIR7FNN, 2aLathKFHIt6iqKKoDU6oGbfS9WGL9DaRjnuF43STdYDEVupfu, tZgWr3J6XQU4AlSno5QnSBwCdXfagUpu, 1, AAAAA, 2016-01-14 12:44:57.627, null, 2016-01-14 12:44:57.627, 1, null]
[EL Fine]: sql: 2016-01-14 12:44:57.757--ClientSession(1702058317)--Connection(345947611)--Thread(Thread[Test worker,5,main])--SELECT languageId, alpha2, alpha3, alpha4, alpha4parentid, language, languageDescription, languageIcon, languageType, versionId, createdBy, createdDate, updatedBy, updatedDate, activeStatus, txnAccessCode FROM ast_Language_M WHERE ((activeStatus = ?) AND (languageId = ?))
	bind => [1, 0CFB5294-E4AD-4C5E-9004-72417FD91AE0]
Setting logged in user info for UPDATE
[EL Fine]: sql: 2016-01-14 12:44:57.762--ClientSession(1251169958)--Connection(345947611)--Thread(Thread[Test worker,5,main])--SELECT languageId, alpha2, alpha3, alpha4, alpha4parentid, language, languageDescription, languageIcon, languageType, versionId, createdBy, createdDate, updatedBy, updatedDate, activeStatus, txnAccessCode FROM ast_Language_M WHERE (languageId = ?)
	bind => [0CFB5294-E4AD-4C5E-9004-72417FD91AE0]
[EL Fine]: sql: 2016-01-14 12:44:57.766--ClientSession(1251169958)--Connection(345947611)--Thread(Thread[Test worker,5,main])--UPDATE ast_Language_M SET alpha2 = ?, alpha3 = ?, alpha4 = ?, alpha4parentid = ?, language = ?, languageDescription = ?, languageIcon = ?, languageType = ?, updatedBy = ?, versionId = ? WHERE ((languageId = ?) AND (versionId = ?))
	bind => [tp, NdK, pj7a, 9, O4GfyIitsZRjzKc2UZNgEqbD7TyM7QnTDYQgwZnjd0jY4kP11x, HC18ukeAyRxu27urIZ9pAgS2uFM4O9keAWrTIHKwDQljNBLHss, ZdjFh0VXudvEsJ3Qven7VPsCk9iG61eRf5rMkkp01RLXEFmfov, IzwrLrrrAz9EwdklOXXhlSX4OTMEEDtG, AAAAA, 2, 0CFB5294-E4AD-4C5E-9004-72417FD91AE0, 1]
[EL Fine]: sql: 2016-01-14 12:44:57.838--ClientSession(1459489807)--Connection(345947611)--Thread(Thread[Test worker,5,main])--SELECT languageId, alpha2, alpha3, alpha4, alpha4parentid, language, languageDescription, languageIcon, languageType, versionId, createdBy, createdDate, updatedBy, updatedDate, activeStatus, txnAccessCode FROM ast_Language_M WHERE ((activeStatus = ?) AND (languageId = ?))
	bind => [1, 0CFB5294-E4AD-4C5E-9004-72417FD91AE0]
[EL Fine]: sql: 2016-01-14 12:44:57.849--ClientSession(1978492520)--Connection(345947611)--Thread(Thread[Test worker,5,main])--SELECT languageId, alpha2, alpha3, alpha4, alpha4parentid, language, languageDescription, languageIcon, languageType, versionId, createdBy, createdDate, updatedBy, updatedDate, activeStatus, txnAccessCode FROM ast_Language_M WHERE (languageId = ?)
	bind => [0CFB5294-E4AD-4C5E-9004-72417FD91AE0]
[EL Fine]: sql: 2016-01-14 12:44:57.851--ClientSession(1978492520)--Connection(345947611)--Thread(Thread[Test worker,5,main])--DELETE FROM ast_Language_M WHERE ((languageId = ?) AND (versionId = ?))
	bind => [0CFB5294-E4AD-4C5E-9004-72417FD91AE0, 2]
]]></system-out>
  <system-err><![CDATA[]]></system-err>
</testsuite>
