<?xml version="1.0" encoding="UTF-8"?>
<testsuite name="com.app.server.service.ContactTypeTestCase" tests="4" skipped="0" failures="0" errors="0" timestamp="2016-01-14T12:45:07" hostname="a9b83363682b" time="0.265">
  <properties/>
  <testcase name="test1Save" classname="com.app.server.service.ContactTypeTestCase" time="0.133"/>
  <testcase name="test2Update" classname="com.app.server.service.ContactTypeTestCase" time="0.049"/>
  <testcase name="test3FindById" classname="com.app.server.service.ContactTypeTestCase" time="0.008"/>
  <testcase name="test4Delete" classname="com.app.server.service.ContactTypeTestCase" time="0.075"/>
  <system-out><![CDATA[Setting logged in user info for ADD
[EL Fine]: sql: 2016-01-14 12:45:07.276--ClientSession(772407268)--Connection(345947611)--Thread(Thread[Test worker,5,main])--INSERT INTO ast_ContactType_M (contactTypeId, contactType, contactTypeDesc, contactTypeIcon, versionId, createdBy, createdDate, updatedBy, updatedDate, activeStatus, txnAccessCode) VALUES (?, ?, ?, ?, ?, ?, ?, ?, ?, ?, ?)
	bind => [E027639B-88DE-4EDE-87FE-CD0016EB4FFF, srJBhp7dXTOPrf27EHAzYxjgkbsxOJp4M23a2BmIfeHJRrbVSQ, 0CahTKFhac8ejD7H4gIStoDYWeY9jzBy9Ko82kehLRSv72a44b, N4uycQjSuWGhlIdBigtfaQYOJU6Wfp9Ur01EkTnRhRqxVHE8Lk, 1, AAAAA, 2016-01-14 12:45:07.232, null, 2016-01-14 12:45:07.232, 1, null]
[EL Fine]: sql: 2016-01-14 12:45:07.354--ClientSession(661490475)--Connection(345947611)--Thread(Thread[Test worker,5,main])--SELECT contactTypeId, contactType, contactTypeDesc, contactTypeIcon, versionId, createdBy, createdDate, updatedBy, updatedDate, activeStatus, txnAccessCode FROM ast_ContactType_M WHERE ((activeStatus = ?) AND (contactTypeId = ?))
	bind => [1, E027639B-88DE-4EDE-87FE-CD0016EB4FFF]
Setting logged in user info for UPDATE
[EL Fine]: sql: 2016-01-14 12:45:07.359--ClientSession(1067017021)--Connection(345947611)--Thread(Thread[Test worker,5,main])--SELECT contactTypeId, contactType, contactTypeDesc, contactTypeIcon, versionId, createdBy, createdDate, updatedBy, updatedDate, activeStatus, txnAccessCode FROM ast_ContactType_M WHERE (contactTypeId = ?)
	bind => [E027639B-88DE-4EDE-87FE-CD0016EB4FFF]
[EL Fine]: sql: 2016-01-14 12:45:07.361--ClientSession(1067017021)--Connection(345947611)--Thread(Thread[Test worker,5,main])--UPDATE ast_ContactType_M SET contactType = ?, contactTypeDesc = ?, contactTypeIcon = ?, updatedBy = ?, versionId = ? WHERE ((contactTypeId = ?) AND (versionId = ?))
	bind => [1ymwnDboW6l25Z5xsHk3M6Yj7V84l3zqVvvmqUsc5HWGfgpvtA, el4BdQFB3db0PCLzYjIou7Xr1DEesnCijZEYB7gJjtQuTq6Pqb, eqfEsE8D43AEDZvdZ0aOHZmYIzICIKjWeo7qeDu6Alub2UdlPn, AAAAA, 2, E027639B-88DE-4EDE-87FE-CD0016EB4FFF, 1]
[EL Fine]: sql: 2016-01-14 12:45:07.402--ClientSession(330776017)--Connection(345947611)--Thread(Thread[Test worker,5,main])--SELECT contactTypeId, contactType, contactTypeDesc, contactTypeIcon, versionId, createdBy, createdDate, updatedBy, updatedDate, activeStatus, txnAccessCode FROM ast_ContactType_M WHERE ((activeStatus = ?) AND (contactTypeId = ?))
	bind => [1, E027639B-88DE-4EDE-87FE-CD0016EB4FFF]
[EL Fine]: sql: 2016-01-14 12:45:07.411--ClientSession(41999339)--Connection(345947611)--Thread(Thread[Test worker,5,main])--SELECT contactTypeId, contactType, contactTypeDesc, contactTypeIcon, versionId, createdBy, createdDate, updatedBy, updatedDate, activeStatus, txnAccessCode FROM ast_ContactType_M WHERE (contactTypeId = ?)
	bind => [E027639B-88DE-4EDE-87FE-CD0016EB4FFF]
[EL Fine]: sql: 2016-01-14 12:45:07.414--ClientSession(41999339)--Connection(345947611)--Thread(Thread[Test worker,5,main])--DELETE FROM ast_ContactType_M WHERE ((contactTypeId = ?) AND (versionId = ?))
	bind => [E027639B-88DE-4EDE-87FE-CD0016EB4FFF, 2]
]]></system-out>
  <system-err><![CDATA[]]></system-err>
</testsuite>
