<?xml version="1.0" encoding="UTF-8"?>
<testsuite name="com.app.server.service.TimezoneTestCase" tests="4" skipped="0" failures="0" errors="0" timestamp="2016-01-14T12:45:07" hostname="a9b83363682b" time="0.202">
  <properties/>
  <testcase name="test1Save" classname="com.app.server.service.TimezoneTestCase" time="0.11"/>
  <testcase name="test2Update" classname="com.app.server.service.TimezoneTestCase" time="0.05"/>
  <testcase name="test3FindById" classname="com.app.server.service.TimezoneTestCase" time="0.008"/>
  <testcase name="test4Delete" classname="com.app.server.service.TimezoneTestCase" time="0.033"/>
  <system-out><![CDATA[Setting logged in user info for ADD
[EL Fine]: sql: 2016-01-14 12:45:07.809--ClientSession(1776201871)--Connection(345947611)--Thread(Thread[Test worker,5,main])--INSERT INTO ast_Timezone_M (timeZoneId, cities, country, gmtLabel, timeZoneLabel, utcdifference, versionId, createdBy, createdDate, updatedBy, updatedDate, activeStatus, txnAccessCode) VALUES (?, ?, ?, ?, ?, ?, ?, ?, ?, ?, ?, ?, ?)
	bind => [54BA7B99-600C-460C-A02F-965F2DE176EB, DYcaXC3tSuziRk0G7BGCW2jNoy1NNs2uf3mZNd4hgs5WRvGLnV, A9EW1xp40zVMzHRGH9sUMmiIuaOCiZ7qAGOxNGR4HGScvFj6um, mQjpCToDvcGo8tptpwccBBB2fmAWcFL2UNW2hvVdYmJ75p9OJl, YOl6lvaWZxpqa2VptkM7QS1vRVMtLJk8upGNwVVdbEN8WDHor3, 2, 1, AAAAA, 2016-01-14 12:45:07.801, null, 2016-01-14 12:45:07.801, 1, null]
[EL Fine]: sql: 2016-01-14 12:45:07.903--ClientSession(735072423)--Connection(345947611)--Thread(Thread[Test worker,5,main])--SELECT timeZoneId, cities, country, gmtLabel, timeZoneLabel, utcdifference, versionId, createdBy, createdDate, updatedBy, updatedDate, activeStatus, txnAccessCode FROM ast_Timezone_M WHERE ((activeStatus = ?) AND (timeZoneId = ?))
	bind => [1, 54BA7B99-600C-460C-A02F-965F2DE176EB]
Setting logged in user info for UPDATE
[EL Fine]: sql: 2016-01-14 12:45:07.906--ClientSession(700089873)--Connection(345947611)--Thread(Thread[Test worker,5,main])--SELECT timeZoneId, cities, country, gmtLabel, timeZoneLabel, utcdifference, versionId, createdBy, createdDate, updatedBy, updatedDate, activeStatus, txnAccessCode FROM ast_Timezone_M WHERE (timeZoneId = ?)
	bind => [54BA7B99-600C-460C-A02F-965F2DE176EB]
[EL Fine]: sql: 2016-01-14 12:45:07.908--ClientSession(700089873)--Connection(345947611)--Thread(Thread[Test worker,5,main])--UPDATE ast_Timezone_M SET cities = ?, country = ?, gmtLabel = ?, timeZoneLabel = ?, utcdifference = ?, updatedBy = ?, versionId = ? WHERE ((timeZoneId = ?) AND (versionId = ?))
	bind => [FIJk59ZdhpNMnmMLcrxc7HuEAPU7kK3Op8nNuyBAf4eiPXC4aL, HbLa5feAwrBPlZO0Yi3gsezJwBwdqdd9nsNRODuW4HSNzEqHDl, CICENSgB0LfKPmoF5wb3MepvsHp2tNyS98itNFjvEX4eHpB2yB, atlkSgfynHvlegt8HUL18YTJxoVmwLEFGCUniANZNzeWuCjdjQ, 8, AAAAA, 2, 54BA7B99-600C-460C-A02F-965F2DE176EB, 1]
[EL Fine]: sql: 2016-01-14 12:45:07.952--ClientSession(134571582)--Connection(345947611)--Thread(Thread[Test worker,5,main])--SELECT timeZoneId, cities, country, gmtLabel, timeZoneLabel, utcdifference, versionId, createdBy, createdDate, updatedBy, updatedDate, activeStatus, txnAccessCode FROM ast_Timezone_M WHERE ((activeStatus = ?) AND (timeZoneId = ?))
	bind => [1, 54BA7B99-600C-460C-A02F-965F2DE176EB]
[EL Fine]: sql: 2016-01-14 12:45:07.962--ClientSession(6053075)--Connection(345947611)--Thread(Thread[Test worker,5,main])--SELECT timeZoneId, cities, country, gmtLabel, timeZoneLabel, utcdifference, versionId, createdBy, createdDate, updatedBy, updatedDate, activeStatus, txnAccessCode FROM ast_Timezone_M WHERE (timeZoneId = ?)
	bind => [54BA7B99-600C-460C-A02F-965F2DE176EB]
[EL Fine]: sql: 2016-01-14 12:45:07.964--ClientSession(6053075)--Connection(345947611)--Thread(Thread[Test worker,5,main])--DELETE FROM ast_Timezone_M WHERE ((timeZoneId = ?) AND (versionId = ?))
	bind => [54BA7B99-600C-460C-A02F-965F2DE176EB, 2]
]]></system-out>
  <system-err><![CDATA[]]></system-err>
</testsuite>
